Performing C SOURCE FILE Test CMAKE_HAVE_LIBC_PTHREAD failed with the following output:
Change Dir: /home/amir/Desktop/BC-SCAND/scandparser/build/CMakeFiles/CMakeTmp

Run Build Command(s):/usr/bin/make cmTC_99db9/fast && /usr/bin/make -f CMakeFiles/cmTC_99db9.dir/build.make CMakeFiles/cmTC_99db9.dir/build
make[1]: Entering directory '/home/amir/Desktop/BC-SCAND/scandparser/build/CMakeFiles/CMakeTmp'
Building C object CMakeFiles/cmTC_99db9.dir/src.c.o
/home/amir/anaconda3/envs/scand/bin/cc   -DCMAKE_HAVE_LIBC_PTHREAD   -o CMakeFiles/cmTC_99db9.dir/src.c.o   -c /home/amir/Desktop/BC-SCAND/scandparser/build/CMakeFiles/CMakeTmp/src.c
Linking C executable cmTC_99db9
/usr/bin/cmake -E cmake_link_script CMakeFiles/cmTC_99db9.dir/link.txt --verbose=1
/home/amir/anaconda3/envs/scand/bin/cc  -DCMAKE_HAVE_LIBC_PTHREAD    -rdynamic CMakeFiles/cmTC_99db9.dir/src.c.o  -o cmTC_99db9 
/home/amir/anaconda3/envs/scand/bin/../lib/gcc/x86_64-conda-linux-gnu/9.5.0/../../../../x86_64-conda-linux-gnu/bin/ld: CMakeFiles/cmTC_99db9.dir/src.c.o: in function `main':
src.c:(.text+0x2f): undefined reference to `pthread_create'
/home/amir/anaconda3/envs/scand/bin/../lib/gcc/x86_64-conda-linux-gnu/9.5.0/../../../../x86_64-conda-linux-gnu/bin/ld: src.c:(.text+0x3b): undefined reference to `pthread_detach'
/home/amir/anaconda3/envs/scand/bin/../lib/gcc/x86_64-conda-linux-gnu/9.5.0/../../../../x86_64-conda-linux-gnu/bin/ld: src.c:(.text+0x4c): undefined reference to `pthread_join'
/home/amir/anaconda3/envs/scand/bin/../lib/gcc/x86_64-conda-linux-gnu/9.5.0/../../../../x86_64-conda-linux-gnu/bin/ld: src.c:(.text+0x60): undefined reference to `pthread_atfork'
collect2: error: ld returned 1 exit status
make[1]: *** [CMakeFiles/cmTC_99db9.dir/build.make:87: cmTC_99db9] Error 1
make[1]: Leaving directory '/home/amir/Desktop/BC-SCAND/scandparser/build/CMakeFiles/CMakeTmp'
make: *** [Makefile:121: cmTC_99db9/fast] Error 2


Source file was:
#include <pthread.h>

void* test_func(void* data)
{
  return data;
}

int main(void)
{
  pthread_t thread;
  pthread_create(&thread, NULL, test_func, NULL);
  pthread_detach(thread);
  pthread_join(thread, NULL);
  pthread_atfork(NULL, NULL, NULL);
  pthread_exit(NULL);

  return 0;
}

Determining if the function pthread_create exists in the pthreads failed with the following output:
Change Dir: /home/amir/Desktop/BC-SCAND/scandparser/build/CMakeFiles/CMakeTmp

Run Build Command(s):/usr/bin/make cmTC_5e909/fast && /usr/bin/make -f CMakeFiles/cmTC_5e909.dir/build.make CMakeFiles/cmTC_5e909.dir/build
make[1]: Entering directory '/home/amir/Desktop/BC-SCAND/scandparser/build/CMakeFiles/CMakeTmp'
Building C object CMakeFiles/cmTC_5e909.dir/CheckFunctionExists.c.o
/home/amir/anaconda3/envs/scand/bin/cc   -DCHECK_FUNCTION_EXISTS=pthread_create   -o CMakeFiles/cmTC_5e909.dir/CheckFunctionExists.c.o   -c /usr/share/cmake-3.16/Modules/CheckFunctionExists.c
Linking C executable cmTC_5e909
/usr/bin/cmake -E cmake_link_script CMakeFiles/cmTC_5e909.dir/link.txt --verbose=1
/home/amir/anaconda3/envs/scand/bin/cc  -DCHECK_FUNCTION_EXISTS=pthread_create    -rdynamic CMakeFiles/cmTC_5e909.dir/CheckFunctionExists.c.o  -o cmTC_5e909  -lpthreads 
/home/amir/anaconda3/envs/scand/bin/../lib/gcc/x86_64-conda-linux-gnu/9.5.0/../../../../x86_64-conda-linux-gnu/bin/ld: cannot find -lpthreads: No such file or directory
collect2: error: ld returned 1 exit status
make[1]: *** [CMakeFiles/cmTC_5e909.dir/build.make:87: cmTC_5e909] Error 1
make[1]: Leaving directory '/home/amir/Desktop/BC-SCAND/scandparser/build/CMakeFiles/CMakeTmp'
make: *** [Makefile:121: cmTC_5e909/fast] Error 2



Determining if the include file pgm.h exists failed with the following output:
Change Dir: /home/amir/Desktop/BC-SCAND/scandparser/build/CMakeFiles/CMakeTmp

Run Build Command(s):/usr/bin/make cmTC_256e2/fast && /usr/bin/make -f CMakeFiles/cmTC_256e2.dir/build.make CMakeFiles/cmTC_256e2.dir/build
make[1]: Entering directory '/home/amir/Desktop/BC-SCAND/scandparser/build/CMakeFiles/CMakeTmp'
Building CXX object CMakeFiles/cmTC_256e2.dir/CheckIncludeFile.cxx.o
/usr/bin/c++     -o CMakeFiles/cmTC_256e2.dir/CheckIncludeFile.cxx.o -c /home/amir/Desktop/BC-SCAND/scandparser/build/CMakeFiles/CMakeTmp/CheckIncludeFile.cxx
/home/amir/Desktop/BC-SCAND/scandparser/build/CMakeFiles/CMakeTmp/CheckIncludeFile.cxx:1:10: fatal error: pgm.h: No such file or directory
    1 | #include <pgm.h>
      |          ^~~~~~~
compilation terminated.
make[1]: *** [CMakeFiles/cmTC_256e2.dir/build.make:66: CMakeFiles/cmTC_256e2.dir/CheckIncludeFile.cxx.o] Error 1
make[1]: Leaving directory '/home/amir/Desktop/BC-SCAND/scandparser/build/CMakeFiles/CMakeTmp'
make: *** [Makefile:121: cmTC_256e2/fast] Error 2



